<?xml version="1.0" encoding="UTF-8"?>
<testng-results ignored="0" total="1" passed="1" failed="0" skipped="0">
  <reporter-output>
  </reporter-output>
  <suite started-at="2023-07-30T23:14:39 BDT" name="Suite" finished-at="2023-07-30T23:14:55 BDT" duration-ms="16295">
    <groups>
    </groups>
    <test started-at="2023-07-30T23:14:39 BDT" name="Test2" finished-at="2023-07-30T23:14:55 BDT" duration-ms="16295">
      <class name="tests.DropDownTests">
        <test-method is-config="true" signature="setUp()[pri:0, instance:tests.DropDownTests@3835c46]" started-at="2023-07-30T23:14:39 BDT" name="setUp" finished-at="2023-07-30T23:14:49 BDT" duration-ms="9354" status="PASS">
          <reporter-output>
          </reporter-output>
        </test-method> <!-- setUp -->
        <test-method is-config="true" signature="goHome()[pri:0, instance:tests.DropDownTests@3835c46]" started-at="2023-07-30T23:14:49 BDT" name="goHome" finished-at="2023-07-30T23:14:53 BDT" duration-ms="4282" status="PASS">
          <reporter-output>
          </reporter-output>
        </test-method> <!-- goHome -->
        <test-method signature="testSelectOption()[pri:0, instance:tests.DropDownTests@3835c46]" started-at="2023-07-30T23:14:53 BDT" name="testSelectOption" finished-at="2023-07-30T23:14:55 BDT" duration-ms="2201" status="PASS">
          <reporter-output>
          </reporter-output>
        </test-method> <!-- testSelectOption -->
        <test-method is-config="true" signature="tearDown()[pri:0, instance:tests.DropDownTests@3835c46]" started-at="2023-07-30T23:14:55 BDT" name="tearDown" finished-at="2023-07-30T23:14:55 BDT" duration-ms="350" status="PASS">
          <reporter-output>
          </reporter-output>
        </test-method> <!-- tearDown -->
      </class> <!-- tests.DropDownTests -->
    </test> <!-- Test2 -->
  </suite> <!-- Suite -->
</testng-results>
